[2025-04-12 10:46:08] [ACCESS] Akses api dari IP [::1] POST /login
[2025-04-12 10:47:14] [ACCESS] Akses api dari IP [::1] POST /login
[2025-04-12 10:53:18] [ACCESS] Akses api dari IP [::1] GET /staff
[2025-04-12 10:54:10] [ACCESS] Akses api dari IP [::1] GET /staff
[2025-04-12 10:56:15] [ACCESS] Akses api dari IP [::1] GET /staff
[2025-04-12 10:59:27] [ACCESS] Akses api dari IP [::1] POST /staff/create
[2025-04-12 11:03:12] [ACCESS] Akses api dari IP [::1] POST /staff/create
[2025-04-12 11:06:01] [ACCESS] Akses api dari IP [::1] GET /verification/email?email=apriliangraphics@gmail.com
[2025-04-12 11:19:49] [ACCESS] Akses api dari IP [::1] PUT /staff/update
[2025-04-12 11:21:09] [ACCESS] Akses api dari IP [::1] GET /staff
[2025-04-12 11:27:12] [ACCESS] Akses api dari IP [::1] GET /tourists
[2025-04-12 11:33:55] [ACCESS] Akses api dari IP [::1] GET /categories
[2025-04-12 11:34:59] [ACCESS] Akses api dari IP [::1] POST /categories/create
[2025-04-12 11:37:45] [ACCESS] Akses api dari IP [::1] PUT /categories/update
[2025-04-12 11:38:08] [ACCESS] Akses api dari IP [::1] PUT /categories/update
[2025-04-12 11:38:37] [ACCESS] Akses api dari IP [::1] GET /categories/delete?id=${id}
[2025-04-12 11:38:54] [ACCESS] Akses api dari IP [::1] GET /categories/delete?id=1
[2025-04-12 11:39:13] [ACCESS] Akses api dari IP [::1] POST /categories/create
[2025-04-12 11:39:17] [ACCESS] Akses api dari IP [::1] GET /categories
[2025-04-12 11:41:48] [ACCESS] Akses api dari IP [::1] GET /cities
[2025-04-12 11:42:16] [ACCESS] Akses api dari IP [::1] GET /cities
[2025-04-12 11:43:38] [ACCESS] Akses api dari IP [::1] GET /cities
[2025-04-12 11:44:06] [ACCESS] Akses api dari IP [::1] POST /cities/create
[2025-04-12 11:44:13] [ACCESS] Akses api dari IP [::1] GET /cities
[2025-04-12 11:48:48] [ACCESS] Akses api dari IP [::1] POST /tourists/create
[2025-04-12 11:49:06] [ACCESS] Akses api dari IP [::1] POST /tourists/create
[2025-04-12 11:51:30] [ACCESS] Akses api dari IP [::1] GET /cities
[2025-04-12 11:51:37] [ACCESS] Akses api dari IP [::1] GET /destinations
[2025-04-12 11:54:17] [ACCESS] Akses api dari IP [::1] GET /destinations
[2025-04-12 11:54:21] [ACCESS] Akses api dari IP [::1] POST /destinations/create
[2025-04-12 11:54:25] [ACCESS] Akses api dari IP [::1] GET /destinations
[2025-04-12 11:59:36] [ACCESS] Akses api dari IP [::1] GET /packages
[2025-04-12 12:01:23] [ACCESS] Akses api dari IP [::1] GET /packages
[2025-04-12 12:01:56] [ACCESS] Akses api dari IP [::1] GET /packages
[2025-04-12 12:07:04] [ACCESS] Akses api dari IP [::1] POST /packages/create
[2025-04-12 12:07:09] [ACCESS] Akses api dari IP [::1] GET /packages
[2025-04-12 12:07:13] [ACCESS] Akses api dari IP [::1] GET /packages
[2025-04-12 12:08:04] [ACCESS] Akses api dari IP [::1] GET /packages
[2025-04-12 12:08:21] [ACCESS] Akses api dari IP [::1] POST /packages/create
[2025-04-12 12:08:31] [ACCESS] Akses api dari IP [::1] GET /packages
[2025-04-12 12:11:29] [ACCESS] Akses api dari IP [::1] PUT /packages/update
[2025-04-12 12:12:11] [ACCESS] Akses api dari IP [::1] GET /packages
[2025-04-12 12:13:10] [ACCESS] Akses api dari IP [::1] GET /packagesdetail
[2025-04-12 12:59:02] [ACCESS] Akses api dari IP [::1] GET /packagesdetail
[2025-04-12 13:03:43] [ACCESS] Akses api dari IP [::1] POST /packagesdetail/create
[2025-04-12 13:03:49] [ACCESS] Akses api dari IP [::1] GET /packagesdetail
[2025-04-12 13:04:21] [ACCESS] Akses api dari IP [::1] PUT /packagesdetail/update
[2025-04-12 13:04:28] [ACCESS] Akses api dari IP [::1] GET /packagesdetail
[2025-04-12 13:05:47] [ACCESS] Akses api dari IP [::1] GET /order
[2025-04-12 13:15:39] [ACCESS] Akses api dari IP [::1] POST /order/create
[2025-04-12 13:15:59] [ACCESS] Akses api dari IP [::1] PUT /order/update
[2025-04-12 13:17:12] [ACCESS] Akses api dari IP [::1] PUT /order/update
[2025-04-12 13:17:18] [ACCESS] Akses api dari IP [::1] GET /order/delete?id=1
[2025-04-12 13:19:52] [ACCESS] Akses api dari IP [::1] PUT /packagesdetail/update
[2025-04-12 13:20:03] [ACCESS] Akses api dari IP [::1] PUT /order/update
[2025-04-12 13:21:46] [ACCESS] Akses api dari IP [::1] POST /order/create
[2025-04-12 13:22:13] [ACCESS] Akses api dari IP [::1] POST /order/create
[2025-04-12 13:29:02] [ACCESS] Akses api dari IP [::1] PUT /order/update
[2025-04-12 13:29:17] [ACCESS] Akses api dari IP [::1] PUT /order/update
[2025-04-12 13:29:46] [ACCESS] Akses api dari IP [::1] GET /order/delete?id=1
[2025-04-12 13:30:37] [ACCESS] Akses api dari IP [::1] GET /order/delete?id=1
[2025-04-12 13:30:48] [ACCESS] Akses api dari IP [::1] GET /order
[2025-04-12 13:31:42] [ACCESS] Akses api dari IP [::1] POST /order/create
[2025-04-12 13:33:12] [ACCESS] Akses api dari IP [::1] GET /order
[2025-04-12 13:33:24] [ACCESS] Akses api dari IP [::1] PUT /order/update
[2025-04-12 13:37:44] [ACCESS] Akses api dari IP [::1] GET /order/id?id=3
[2025-04-12 13:38:21] [ACCESS] Akses api dari IP [::1] GET /order/id?user_id=3
[2025-04-12 13:41:13] [ACCESS] Akses api dari IP [::1] GET /order/id?user_id=3
