[2025-04-12 10:47:14] [SUCCESS] Login Sukses
[2025-04-12 10:54:10] [SUCCESS] Sukses
[2025-04-12 10:56:15] [SUCCESS] Sukses
[2025-04-12 11:03:12] [SUCCESS] Staff berhasil di tambahkan
[2025-04-12 11:06:01] [SUCCESS] Verification Berhasil
[2025-04-12 11:19:49] [SUCCESS] Staff berhasil di update
[2025-04-12 11:21:09] [SUCCESS] Sukses
[2025-04-12 11:27:12] [SUCCESS] Sukses
[2025-04-12 11:33:55] [SUCCESS] Sukses
[2025-04-12 11:34:59] [SUCCESS] Categories berhasil di tambahkan
[2025-04-12 11:37:45] [SUCCESS] Categories berhasil di update
[2025-04-12 11:38:08] [SUCCESS] Categories berhasil di update
[2025-04-12 11:38:54] [SUCCESS] Categories berhasil di delete
[2025-04-12 11:39:13] [SUCCESS] Categories berhasil di tambahkan
[2025-04-12 11:39:17] [SUCCESS] Sukses
[2025-04-12 11:41:48] [SUCCESS] Sukses
[2025-04-12 11:42:16] [SUCCESS] Sukses
[2025-04-12 11:43:38] [SUCCESS] Sukses
[2025-04-12 11:44:06] [SUCCESS] Cities berhasil di tambahkan
[2025-04-12 11:44:13] [SUCCESS] Sukses
[2025-04-12 11:49:06] [SUCCESS] Tourists berhasil di tambahkan
[2025-04-12 11:51:30] [SUCCESS] Sukses
[2025-04-12 11:51:37] [SUCCESS] Sukses
[2025-04-12 11:54:17] [SUCCESS] Sukses
[2025-04-12 11:54:21] [SUCCESS] Destinations berhasil di tambahkan
[2025-04-12 11:54:25] [SUCCESS] Sukses
[2025-04-12 11:59:36] [SUCCESS] Sukses
[2025-04-12 12:01:23] [SUCCESS] Sukses
[2025-04-12 12:01:56] [SUCCESS] Sukses
[2025-04-12 12:07:09] [SUCCESS] Sukses
[2025-04-12 12:07:13] [SUCCESS] Sukses
[2025-04-12 12:08:04] [SUCCESS] Sukses
[2025-04-12 12:08:21] [SUCCESS] Packages berhasil di tambahkan
[2025-04-12 12:08:31] [SUCCESS] Sukses
[2025-04-12 12:11:29] [SUCCESS] Packages berhasil di update
[2025-04-12 12:12:11] [SUCCESS] Sukses
[2025-04-12 12:13:10] [SUCCESS] Sukses
[2025-04-12 12:59:02] [SUCCESS] Sukses
[2025-04-12 13:03:43] [SUCCESS] Packagesdetail berhasil di tambahkan
[2025-04-12 13:03:49] [SUCCESS] Sukses
[2025-04-12 13:04:21] [SUCCESS] Packagesdetail berhasil di update
[2025-04-12 13:04:28] [SUCCESS] Sukses
[2025-04-12 13:05:47] [SUCCESS] Sukses
[2025-04-12 13:15:39] [SUCCESS] Order berhasil di tambahkan
[2025-04-12 13:19:52] [SUCCESS] Packagesdetail berhasil di update
[2025-04-12 13:21:46] [SUCCESS] Order berhasil di tambahkan
[2025-04-12 13:22:13] [SUCCESS] Order berhasil di tambahkan
[2025-04-12 13:29:17] [SUCCESS] Order berhasil di update
[2025-04-12 13:29:46] [SUCCESS] Order berhasil di delete
[2025-04-12 13:30:48] [SUCCESS] Sukses
[2025-04-12 13:31:42] [SUCCESS] Order berhasil di tambahkan
[2025-04-12 13:33:12] [SUCCESS] Sukses
[2025-04-12 13:33:24] [SUCCESS] Order berhasil di update
[2025-04-12 13:37:44] [SUCCESS] Sukses
[2025-04-12 13:38:21] [SUCCESS] Sukses
[2025-04-12 13:41:13] [SUCCESS] Sukses
